29-Oct-2023 09:41:44.840 INFO [main] org.apache.catalina.core.ApplicationContext.log ContextListener: contextInitialized()
29-Oct-2023 09:41:44.841 INFO [main] org.apache.catalina.core.ApplicationContext.log SessionListener: contextInitialized()
29-Oct-2023 09:41:44.841 INFO [main] org.apache.catalina.core.ApplicationContext.log ContextListener: attributeAdded('StockTicker', 'async.Stockticker@d6e7bab')
29-Oct-2023 09:43:35.431 INFO [main] org.apache.catalina.core.ApplicationContext.log ContextListener: contextInitialized()
29-Oct-2023 09:43:35.431 INFO [main] org.apache.catalina.core.ApplicationContext.log SessionListener: contextInitialized()
29-Oct-2023 09:43:35.431 INFO [main] org.apache.catalina.core.ApplicationContext.log ContextListener: attributeAdded('StockTicker', 'async.Stockticker@40cb8df7')
29-Oct-2023 09:43:35.452 INFO [main] org.apache.catalina.core.ApplicationContext.log SessionListener: contextDestroyed()
29-Oct-2023 09:43:35.452 INFO [main] org.apache.catalina.core.ApplicationContext.log ContextListener: contextDestroyed()
29-Oct-2023 09:44:34.393 INFO [main] org.apache.catalina.core.ApplicationContext.log SessionListener: contextDestroyed()
29-Oct-2023 09:44:34.393 INFO [main] org.apache.catalina.core.ApplicationContext.log ContextListener: contextDestroyed()
29-Oct-2023 09:44:37.131 INFO [main] org.apache.catalina.core.ApplicationContext.log ContextListener: contextInitialized()
29-Oct-2023 09:44:37.131 INFO [main] org.apache.catalina.core.ApplicationContext.log SessionListener: contextInitialized()
29-Oct-2023 09:44:37.131 INFO [main] org.apache.catalina.core.ApplicationContext.log ContextListener: attributeAdded('StockTicker', 'async.Stockticker@d6e7bab')
29-Oct-2023 09:45:47.712 INFO [main] org.apache.catalina.core.ApplicationContext.log SessionListener: contextDestroyed()
29-Oct-2023 09:45:47.712 INFO [main] org.apache.catalina.core.ApplicationContext.log ContextListener: contextDestroyed()
29-Oct-2023 09:45:54.232 INFO [main] org.apache.catalina.core.ApplicationContext.log ContextListener: contextInitialized()
29-Oct-2023 09:45:54.232 INFO [main] org.apache.catalina.core.ApplicationContext.log SessionListener: contextInitialized()
29-Oct-2023 09:45:54.232 INFO [main] org.apache.catalina.core.ApplicationContext.log ContextListener: attributeAdded('StockTicker', 'async.Stockticker@d6e7bab')
29-Oct-2023 09:48:20.468 INFO [main] org.apache.catalina.core.ApplicationContext.log SessionListener: contextDestroyed()
29-Oct-2023 09:48:20.468 INFO [main] org.apache.catalina.core.ApplicationContext.log ContextListener: contextDestroyed()
29-Oct-2023 09:48:22.165 INFO [main] org.apache.catalina.core.ApplicationContext.log ContextListener: contextInitialized()
29-Oct-2023 09:48:22.165 INFO [main] org.apache.catalina.core.ApplicationContext.log SessionListener: contextInitialized()
29-Oct-2023 09:48:22.165 INFO [main] org.apache.catalina.core.ApplicationContext.log ContextListener: attributeAdded('StockTicker', 'async.Stockticker@d6e7bab')
29-Oct-2023 09:54:54.573 INFO [main] org.apache.catalina.core.ApplicationContext.log SessionListener: contextDestroyed()
29-Oct-2023 09:54:54.573 INFO [main] org.apache.catalina.core.ApplicationContext.log ContextListener: contextDestroyed()
29-Oct-2023 09:54:56.446 INFO [main] org.apache.catalina.core.ApplicationContext.log ContextListener: contextInitialized()
29-Oct-2023 09:54:56.446 INFO [main] org.apache.catalina.core.ApplicationContext.log SessionListener: contextInitialized()
29-Oct-2023 09:54:56.446 INFO [main] org.apache.catalina.core.ApplicationContext.log ContextListener: attributeAdded('StockTicker', 'async.Stockticker@3315d2d7')
29-Oct-2023 09:56:00.687 INFO [main] org.apache.catalina.core.ApplicationContext.log SessionListener: contextDestroyed()
29-Oct-2023 09:56:00.687 INFO [main] org.apache.catalina.core.ApplicationContext.log ContextListener: contextDestroyed()
29-Oct-2023 09:56:02.154 INFO [main] org.apache.catalina.core.ApplicationContext.log ContextListener: contextInitialized()
29-Oct-2023 09:56:02.154 INFO [main] org.apache.catalina.core.ApplicationContext.log SessionListener: contextInitialized()
29-Oct-2023 09:56:02.155 INFO [main] org.apache.catalina.core.ApplicationContext.log ContextListener: attributeAdded('StockTicker', 'async.Stockticker@d6e7bab')
29-Oct-2023 10:07:39.743 INFO [main] org.apache.catalina.core.ApplicationContext.log SessionListener: contextDestroyed()
29-Oct-2023 10:07:39.743 INFO [main] org.apache.catalina.core.ApplicationContext.log ContextListener: contextDestroyed()
