30-Oct-2023 13:54:10.325 INFO [main] org.apache.catalina.core.ApplicationContext.log ContextListener: contextInitialized()
30-Oct-2023 13:54:10.325 INFO [main] org.apache.catalina.core.ApplicationContext.log SessionListener: contextInitialized()
30-Oct-2023 13:54:10.325 INFO [main] org.apache.catalina.core.ApplicationContext.log ContextListener: attributeAdded('StockTicker', 'async.Stockticker@d6e7bab')
30-Oct-2023 14:00:08.744 INFO [main] org.apache.catalina.core.ApplicationContext.log SessionListener: contextDestroyed()
30-Oct-2023 14:00:08.744 INFO [main] org.apache.catalina.core.ApplicationContext.log ContextListener: contextDestroyed()
30-Oct-2023 14:00:10.551 INFO [main] org.apache.catalina.core.ApplicationContext.log ContextListener: contextInitialized()
30-Oct-2023 14:00:10.551 INFO [main] org.apache.catalina.core.ApplicationContext.log SessionListener: contextInitialized()
30-Oct-2023 14:00:10.552 INFO [main] org.apache.catalina.core.ApplicationContext.log ContextListener: attributeAdded('StockTicker', 'async.Stockticker@d6e7bab')
30-Oct-2023 14:02:24.343 INFO [main] org.apache.catalina.core.ApplicationContext.log SessionListener: contextDestroyed()
30-Oct-2023 14:02:24.343 INFO [main] org.apache.catalina.core.ApplicationContext.log ContextListener: contextDestroyed()
30-Oct-2023 14:12:54.361 INFO [main] org.apache.catalina.core.ApplicationContext.log ContextListener: contextInitialized()
30-Oct-2023 14:12:54.361 INFO [main] org.apache.catalina.core.ApplicationContext.log SessionListener: contextInitialized()
30-Oct-2023 14:12:54.362 INFO [main] org.apache.catalina.core.ApplicationContext.log ContextListener: attributeAdded('StockTicker', 'async.Stockticker@3541cb24')
30-Oct-2023 14:15:24.844 INFO [main] org.apache.catalina.core.ApplicationContext.log SessionListener: contextDestroyed()
30-Oct-2023 14:15:24.844 INFO [main] org.apache.catalina.core.ApplicationContext.log ContextListener: contextDestroyed()
30-Oct-2023 14:15:26.915 INFO [main] org.apache.catalina.core.ApplicationContext.log ContextListener: contextInitialized()
30-Oct-2023 14:15:26.915 INFO [main] org.apache.catalina.core.ApplicationContext.log SessionListener: contextInitialized()
30-Oct-2023 14:15:26.916 INFO [main] org.apache.catalina.core.ApplicationContext.log ContextListener: attributeAdded('StockTicker', 'async.Stockticker@3541cb24')
30-Oct-2023 14:16:32.845 INFO [main] org.apache.catalina.core.ApplicationContext.log SessionListener: contextDestroyed()
30-Oct-2023 14:16:32.845 INFO [main] org.apache.catalina.core.ApplicationContext.log ContextListener: contextDestroyed()
30-Oct-2023 14:16:37.001 INFO [main] org.apache.catalina.core.ApplicationContext.log ContextListener: contextInitialized()
30-Oct-2023 14:16:37.001 INFO [main] org.apache.catalina.core.ApplicationContext.log SessionListener: contextInitialized()
30-Oct-2023 14:16:37.002 INFO [main] org.apache.catalina.core.ApplicationContext.log ContextListener: attributeAdded('StockTicker', 'async.Stockticker@3541cb24')
30-Oct-2023 14:20:51.649 INFO [main] org.apache.catalina.core.ApplicationContext.log SessionListener: contextDestroyed()
30-Oct-2023 14:20:51.649 INFO [main] org.apache.catalina.core.ApplicationContext.log ContextListener: contextDestroyed()
